[GIN-debug] [WARNING] Creating an Engine instance with the Logger and Recovery middleware already attached.

[GIN-debug] [WARNING] Running in "debug" mode. Switch to "release" mode in production.
 - using env:	export GIN_MODE=release
 - using code:	gin.SetMode(gin.ReleaseMode)

[GIN-debug] GET    /assets/*filepath         --> github.com/gin-gonic/gin.(*RouterGroup).createStaticHandler.func1 (3 handlers)
[GIN-debug] HEAD   /assets/*filepath         --> github.com/gin-gonic/gin.(*RouterGroup).createStaticHandler.func1 (3 handlers)
[GIN-debug] POST   /api/login                --> blog/api/loginRegister.Login (4 handlers)
[GIN-debug] POST   /api/register             --> blog/api/loginRegister.Register (4 handlers)
[GIN-debug] GET    /api/sendEmail            --> blog/api/sendEmail.SendEmail (4 handlers)
[GIN-debug] POST   /api/updateUser           --> blog/api/user.UpdateUser (5 handlers)
[GIN-debug] GET    /api/articles             --> blog/api/article.GetArticles (5 handlers)
[GIN-debug] GET    /api/articlesDetail       --> blog/api/article.GetArticleDetail (5 handlers)
[GIN-debug] POST   /api/addArticle           --> blog/api/article.AddArticle (5 handlers)
[GIN-debug] POST   /api/delArticle           --> blog/api/article.DelArticle (5 handlers)
[GIN-debug] GET    /api/thumbsUp             --> blog/api/article.ThumbsUp (5 handlers)
[GIN-debug] POST   /api/upload               --> blog/api/upload.Upload (5 handlers)
[GIN-debug] GET    /api/getImgs              --> blog/api/upload.GetImgs (5 handlers)
[GIN-debug] GET    /api/getAllImgs           --> blog/api/upload.GetAllImgs (5 handlers)
[GIN-debug] GET    /api/deleteUpload         --> blog/api/upload.DeleteUpload (5 handlers)
[GIN-debug] POST   /api/uploadPicture        --> blog/api/pictureWall.UploadPicture (5 handlers)
[GIN-debug] GET    /api/getPictures          --> blog/api/pictureWall.GetPicture (5 handlers)
[GIN-debug] POST   /api/updatePicture        --> blog/api/pictureWall.UpdatePicture (5 handlers)
[GIN-debug] GET    /api/deletePicture        --> blog/api/pictureWall.DeletePicture (5 handlers)
[GIN-debug] POST   /api/tags/add             --> blog/api/tags.AddTags (5 handlers)
[GIN-debug] [WARNING] You trusted all proxies, this is NOT safe. We recommend you to set a value.
Please check https://pkg.go.dev/github.com/gin-gonic/gin#readme-don-t-trust-all-proxies for details.
[GIN-debug] Listening and serving HTTP on :80
[GIN] 2022/06/12 - 19:53:47 | 204 |            0s |             ::1 | OPTIONS  "/api/getPictures?page=1&limit=10&_t=1655034827307"
[GIN] 2022/06/12 - 19:53:47 | 200 |    333.0365ms |             ::1 | GET      "/api/getPictures?page=1&limit=10&_t=1655034827307"
[GIN] 2022/06/12 - 19:55:14 | 204 |            0s |             ::1 | OPTIONS  "/api/getPictures?page=1&limit=10&_t=1655034914618"
[GIN] 2022/06/12 - 19:55:15 | 200 |    345.2586ms |             ::1 | GET      "/api/getPictures?page=1&limit=10&_t=1655034914618"
[GIN] 2022/06/12 - 19:55:17 | 204 |            0s |             ::1 | OPTIONS  "/api/getPictures?page=1&limit=10&_t=1655034917373"
[GIN] 2022/06/12 - 19:55:17 | 200 |    351.6858ms |             ::1 | GET      "/api/getPictures?page=1&limit=10&_t=1655034917373"
[GIN] 2022/06/12 - 19:56:41 | 204 |            0s |             ::1 | OPTIONS  "/api/getPictures?page=2&limit=10&_t=1655035001061"
[GIN] 2022/06/12 - 19:56:41 | 200 |    337.5544ms |             ::1 | GET      "/api/getPictures?page=2&limit=10&_t=1655035001061"
[GIN] 2022/06/12 - 19:57:51 | 204 |            0s |             ::1 | OPTIONS  "/api/getPictures?page=1&limit=10&_t=1655035071233"
[GIN] 2022/06/12 - 19:57:51 | 200 |    342.8388ms |             ::1 | GET      "/api/getPictures?page=1&limit=10&_t=1655035071233"
[GIN] 2022/06/12 - 19:58:32 | 204 |            0s |             ::1 | OPTIONS  "/api/getPictures?page=1&limit=10&_t=1655035112383"
[GIN] 2022/06/12 - 19:58:32 | 200 |    362.5977ms |             ::1 | GET      "/api/getPictures?page=1&limit=10&_t=1655035112383"
[GIN] 2022/06/12 - 19:58:36 | 204 |            0s |             ::1 | OPTIONS  "/api/getPictures?page=1&limit=10&_t=1655035116008"
[GIN] 2022/06/12 - 19:58:36 | 200 |    346.3031ms |             ::1 | GET      "/api/getPictures?page=1&limit=10&_t=1655035116008"
[GIN] 2022/06/12 - 19:58:52 | 400 |     96.6992ms |             ::1 | POST     "/api/login"
[GIN] 2022/06/12 - 19:58:55 | 400 |     85.9973ms |             ::1 | POST     "/api/login"
[GIN] 2022/06/12 - 19:59:13 | 200 |     85.5757ms |             ::1 | POST     "/api/login"
[GIN] 2022/06/12 - 19:59:15 | 204 |            0s |             ::1 | OPTIONS  "/api/getPictures?page=1&limit=10&_t=1655035155588"
[GIN] 2022/06/12 - 19:59:15 | 200 |    341.9519ms |             ::1 | GET      "/api/getPictures?page=1&limit=10&_t=1655035155588"
[GIN] 2022/06/12 - 19:59:50 | 204 |            0s |             ::1 | OPTIONS  "/api/getPictures?page=1&limit=10&_t=1655035190925"
[GIN] 2022/06/12 - 19:59:51 | 200 |    358.4457ms |             ::1 | GET      "/api/getPictures?page=1&limit=10&_t=1655035190925"
[GIN] 2022/06/12 - 20:01:26 | 204 |            0s |             ::1 | OPTIONS  "/api/getPictures?page=1&limit=10&_t=1655035286074"
[GIN] 2022/06/12 - 20:01:26 | 200 |    339.5488ms |             ::1 | GET      "/api/getPictures?page=1&limit=10&_t=1655035286074"
[GIN] 2022/06/12 - 20:01:29 | 204 |            0s |             ::1 | OPTIONS  "/api/getPictures?page=1&limit=10&_t=1655035289764"
[GIN] 2022/06/12 - 20:01:30 | 200 |    348.4043ms |             ::1 | GET      "/api/getPictures?page=1&limit=10&_t=1655035289764"
[GIN] 2022/06/12 - 20:02:30 | 204 |            0s |             ::1 | OPTIONS  "/api/getPictures?page=2&limit=10&_t=1655035349997"
[GIN] 2022/06/12 - 20:02:30 | 200 |     346.499ms |             ::1 | GET      "/api/getPictures?page=2&limit=10&_t=1655035349997"
[GIN] 2022/06/12 - 20:02:59 | 204 |            0s |             ::1 | OPTIONS  "/api/getPictures?page=1&limit=10&_t=1655035379406"
[GIN] 2022/06/12 - 20:02:59 | 200 |    535.1472ms |             ::1 | GET      "/api/getPictures?page=1&limit=10&_t=1655035379406"
[GIN] 2022/06/12 - 20:03:07 | 204 |       510.2µs |             ::1 | OPTIONS  "/api/getPictures?page=1&limit=10&_t=1655035387823"
[GIN] 2022/06/12 - 20:03:08 | 200 |    345.3308ms |             ::1 | GET      "/api/getPictures?page=1&limit=10&_t=1655035387823"
[GIN] 2022/06/12 - 20:03:14 | 204 |            0s |             ::1 | OPTIONS  "/api/getPictures?page=1&limit=10&_t=1655035394010"
[GIN] 2022/06/12 - 20:03:14 | 200 |    341.2058ms |             ::1 | GET      "/api/getPictures?page=1&limit=10&_t=1655035394010"
[GIN] 2022/06/12 - 20:03:31 | 204 |            0s |             ::1 | OPTIONS  "/api/getPictures?page=1&limit=10&_t=1655035411812"
[GIN] 2022/06/12 - 20:03:32 | 200 |    340.7469ms |             ::1 | GET      "/api/getPictures?page=1&limit=10&_t=1655035411812"
[GIN] 2022/06/12 - 20:03:34 | 204 |            0s |             ::1 | OPTIONS  "/api/getPictures?page=1&limit=10&_t=1655035414773"
[GIN] 2022/06/12 - 20:03:35 | 200 |    374.2974ms |             ::1 | GET      "/api/getPictures?page=1&limit=10&_t=1655035414773"
[GIN] 2022/06/12 - 20:03:44 | 204 |            0s |             ::1 | OPTIONS  "/api/getPictures?page=1&limit=10&_t=1655035424610"
[GIN] 2022/06/12 - 20:03:45 | 200 |    468.2954ms |             ::1 | GET      "/api/getPictures?page=1&limit=10&_t=1655035424610"
[GIN] 2022/06/12 - 20:03:58 | 204 |            0s |             ::1 | OPTIONS  "/api/getPictures?page=1&limit=10&_t=1655035438902"
[GIN] 2022/06/12 - 20:03:59 | 200 |    349.0771ms |             ::1 | GET      "/api/getPictures?page=1&limit=10&_t=1655035438902"
[GIN] 2022/06/12 - 20:04:02 | 204 |            0s |             ::1 | OPTIONS  "/api/getPictures?page=1&limit=10&_t=1655035441974"
[GIN] 2022/06/12 - 20:04:02 | 200 |    344.3521ms |             ::1 | GET      "/api/getPictures?page=1&limit=10&_t=1655035441974"
[GIN] 2022/06/12 - 20:05:40 | 204 |            0s |             ::1 | OPTIONS  "/api/getPictures?page=1&limit=10&_t=1655035540129"
[GIN] 2022/06/12 - 20:05:40 | 200 |    375.7593ms |             ::1 | GET      "/api/getPictures?page=1&limit=10&_t=1655035540129"
[GIN] 2022/06/12 - 20:05:43 | 204 |            0s |             ::1 | OPTIONS  "/api/getPictures?page=1&limit=10&_t=1655035543106"
[GIN] 2022/06/12 - 20:05:43 | 200 |    344.2039ms |             ::1 | GET      "/api/getPictures?page=1&limit=10&_t=1655035543106"
[GIN] 2022/06/12 - 20:07:53 | 204 |       813.2µs |             ::1 | OPTIONS  "/api/getPictures?page=1&limit=10&_t=1655035673183"
[GIN] 2022/06/12 - 20:07:53 | 200 |    369.6391ms |             ::1 | GET      "/api/getPictures?page=1&limit=10&_t=1655035673183"
[GIN] 2022/06/12 - 20:07:56 | 204 |            0s |             ::1 | OPTIONS  "/api/getPictures?page=1&limit=10&_t=1655035676102"
[GIN] 2022/06/12 - 20:07:56 | 200 |    346.9024ms |             ::1 | GET      "/api/getPictures?page=1&limit=10&_t=1655035676102"
[GIN] 2022/06/12 - 20:09:57 | 204 |       138.2µs |             ::1 | OPTIONS  "/api/getPictures?page=1&limit=10&_t=1655035797443"
[GIN] 2022/06/12 - 20:09:57 | 200 |    366.2938ms |             ::1 | GET      "/api/getPictures?page=1&limit=10&_t=1655035797443"
[GIN] 2022/06/12 - 20:10:00 | 204 |            0s |             ::1 | OPTIONS  "/api/getPictures?page=1&limit=10&_t=1655035800740"
[GIN] 2022/06/12 - 20:10:01 | 200 |    361.9921ms |             ::1 | GET      "/api/getPictures?page=1&limit=10&_t=1655035800740"
[GIN] 2022/06/12 - 20:10:37 | 204 |            0s |             ::1 | OPTIONS  "/api/getPictures?page=1&limit=10&_t=1655035837182"
[GIN] 2022/06/12 - 20:10:37 | 200 |    357.2281ms |             ::1 | GET      "/api/getPictures?page=1&limit=10&_t=1655035837182"
[GIN] 2022/06/12 - 20:10:40 | 204 |            0s |             ::1 | OPTIONS  "/api/getPictures?page=1&limit=10&_t=1655035840672"
[GIN] 2022/06/12 - 20:10:41 | 200 |    372.0263ms |             ::1 | GET      "/api/getPictures?page=1&limit=10&_t=1655035840672"
[GIN] 2022/06/12 - 20:10:58 | 204 |            0s |             ::1 | OPTIONS  "/api/getPictures?page=1&limit=10&_t=1655035858096"
[GIN] 2022/06/12 - 20:10:58 | 200 |    348.2483ms |             ::1 | GET      "/api/getPictures?page=1&limit=10&_t=1655035858096"
[GIN] 2022/06/12 - 20:11:00 | 204 |            0s |             ::1 | OPTIONS  "/api/getPictures?page=1&limit=10&_t=1655035860174"
[GIN] 2022/06/12 - 20:11:00 | 200 |    390.0088ms |             ::1 | GET      "/api/getPictures?page=1&limit=10&_t=1655035860174"
[GIN] 2022/06/12 - 20:11:10 | 204 |            0s |             ::1 | OPTIONS  "/api/getPictures?page=1&limit=10&_t=1655035870902"
[GIN] 2022/06/12 - 20:11:11 | 200 |    340.6975ms |             ::1 | GET      "/api/getPictures?page=1&limit=10&_t=1655035870902"
[GIN] 2022/06/12 - 20:11:26 | 204 |            0s |             ::1 | OPTIONS  "/api/getPictures?page=1&limit=10&_t=1655035886407"
[GIN] 2022/06/12 - 20:11:27 | 200 |    910.1679ms |             ::1 | GET      "/api/getPictures?page=1&limit=10&_t=1655035886407"
[GIN] 2022/06/12 - 20:13:54 | 204 |            0s |             ::1 | OPTIONS  "/api/getPictures?page=1&limit=10&_t=1655036034323"
[GIN] 2022/06/12 - 20:13:54 | 200 |    353.2581ms |             ::1 | GET      "/api/getPictures?page=1&limit=10&_t=1655036034323"
[GIN] 2022/06/12 - 20:13:58 | 204 |            0s |             ::1 | OPTIONS  "/api/getPictures?page=1&limit=10&_t=1655036038873"
[GIN] 2022/06/12 - 20:14:00 | 200 |    1.8440676s |             ::1 | GET      "/api/getPictures?page=1&limit=10&_t=1655036038873"
[GIN] 2022/06/12 - 20:14:35 | 204 |            0s |             ::1 | OPTIONS  "/api/getPictures?page=1&limit=10&_t=1655036075067"
[GIN] 2022/06/12 - 20:14:35 | 200 |    343.0136ms |             ::1 | GET      "/api/getPictures?page=1&limit=10&_t=1655036075067"
[GIN] 2022/06/12 - 20:14:38 | 204 |            0s |             ::1 | OPTIONS  "/api/getPictures?page=1&limit=10&_t=1655036078477"
[GIN] 2022/06/12 - 20:14:38 | 200 |    353.8688ms |             ::1 | GET      "/api/getPictures?page=1&limit=10&_t=1655036078477"
[GIN] 2022/06/12 - 20:15:18 | 204 |            0s |             ::1 | OPTIONS  "/api/getPictures?page=1&limit=10&_t=1655036118443"
[GIN] 2022/06/12 - 20:15:18 | 200 |    338.1089ms |             ::1 | GET      "/api/getPictures?page=1&limit=10&_t=1655036118443"
[GIN] 2022/06/12 - 20:15:22 | 204 |            0s |             ::1 | OPTIONS  "/api/getPictures?page=1&limit=10&_t=1655036122360"
[GIN] 2022/06/12 - 20:15:22 | 200 |    324.2278ms |             ::1 | GET      "/api/getPictures?page=1&limit=10&_t=1655036122360"
[GIN] 2022/06/12 - 20:16:12 | 204 |            0s |             ::1 | OPTIONS  "/api/getPictures?page=1&limit=10&_t=1655036172189"
[GIN] 2022/06/12 - 20:16:12 | 200 |    354.5988ms |             ::1 | GET      "/api/getPictures?page=1&limit=10&_t=1655036172189"
[GIN] 2022/06/12 - 20:16:15 | 204 |            0s |             ::1 | OPTIONS  "/api/getPictures?page=1&limit=10&_t=1655036175200"
[GIN] 2022/06/12 - 20:16:15 | 200 |    399.6087ms |             ::1 | GET      "/api/getPictures?page=1&limit=10&_t=1655036175200"
[GIN] 2022/06/12 - 20:16:27 | 204 |            0s |             ::1 | OPTIONS  "/api/getPictures?page=1&limit=10&_t=1655036187690"
[GIN] 2022/06/12 - 20:16:28 | 200 |    374.5456ms |             ::1 | GET      "/api/getPictures?page=1&limit=10&_t=1655036187690"
[GIN] 2022/06/12 - 20:17:18 | 204 |            0s |             ::1 | OPTIONS  "/api/getPictures?page=1&limit=10&_t=1655036238256"
[GIN] 2022/06/12 - 20:17:18 | 200 |    336.0898ms |             ::1 | GET      "/api/getPictures?page=1&limit=10&_t=1655036238256"
[GIN] 2022/06/12 - 20:17:21 | 204 |            0s |             ::1 | OPTIONS  "/api/getPictures?page=1&limit=10&_t=1655036241595"
[GIN] 2022/06/12 - 20:17:22 | 200 |    335.4486ms |             ::1 | GET      "/api/getPictures?page=1&limit=10&_t=1655036241595"
[GIN] 2022/06/12 - 20:19:39 | 204 |            0s |             ::1 | OPTIONS  "/api/getPictures?page=1&limit=10&_t=1655036379811"
[GIN] 2022/06/12 - 20:19:40 | 200 |    348.9588ms |             ::1 | GET      "/api/getPictures?page=1&limit=10&_t=1655036379811"
[GIN] 2022/06/12 - 20:19:43 | 204 |            0s |             ::1 | OPTIONS  "/api/getPictures?page=1&limit=10&_t=1655036383327"
[GIN] 2022/06/12 - 20:19:43 | 200 |    339.6801ms |             ::1 | GET      "/api/getPictures?page=1&limit=10&_t=1655036383327"
[GIN] 2022/06/12 - 20:19:57 | 204 |            0s |             ::1 | OPTIONS  "/api/getPictures?page=1&limit=10&_t=1655036397054"
[GIN] 2022/06/12 - 20:19:57 | 200 |    344.0727ms |             ::1 | GET      "/api/getPictures?page=1&limit=10&_t=1655036397054"
[GIN] 2022/06/12 - 20:19:59 | 204 |            0s |             ::1 | OPTIONS  "/api/getPictures?page=1&limit=10&_t=1655036399336"
[GIN] 2022/06/12 - 20:19:59 | 200 |    416.3823ms |             ::1 | GET      "/api/getPictures?page=1&limit=10&_t=1655036399336"
[GIN] 2022/06/12 - 20:21:33 | 204 |      1.0046ms |             ::1 | OPTIONS  "/api/getPictures?page=1&limit=10&_t=1655036493138"
[GIN] 2022/06/12 - 20:21:33 | 200 |    364.0648ms |             ::1 | GET      "/api/getPictures?page=1&limit=10&_t=1655036493138"
[GIN] 2022/06/12 - 20:21:37 | 204 |            0s |             ::1 | OPTIONS  "/api/getPictures?page=1&limit=10&_t=1655036497553"
[GIN] 2022/06/12 - 20:21:37 | 200 |    384.9033ms |             ::1 | GET      "/api/getPictures?page=1&limit=10&_t=1655036497553"
[GIN] 2022/06/12 - 20:24:09 | 204 |            0s |             ::1 | OPTIONS  "/api/getPictures?page=1&limit=10&_t=1655036649946"
[GIN] 2022/06/12 - 20:24:10 | 200 |    356.8325ms |             ::1 | GET      "/api/getPictures?page=1&limit=10&_t=1655036649946"
[GIN] 2022/06/12 - 20:24:12 | 204 |            0s |             ::1 | OPTIONS  "/api/getPictures?page=1&limit=10&_t=1655036652370"
[GIN] 2022/06/12 - 20:24:14 | 200 |    1.9388274s |             ::1 | GET      "/api/getPictures?page=1&limit=10&_t=1655036652370"
[GIN] 2022/06/12 - 20:25:16 | 204 |            0s |             ::1 | OPTIONS  "/api/getPictures?page=1&limit=10&_t=1655036716121"
[GIN] 2022/06/12 - 20:25:16 | 200 |    337.6515ms |             ::1 | GET      "/api/getPictures?page=1&limit=10&_t=1655036716121"
[GIN] 2022/06/12 - 20:25:20 | 204 |            0s |             ::1 | OPTIONS  "/api/getPictures?page=1&limit=10&_t=1655036720356"
[GIN] 2022/06/12 - 20:25:20 | 200 |    506.7049ms |             ::1 | GET      "/api/getPictures?page=1&limit=10&_t=1655036720356"
[GIN] 2022/06/12 - 20:25:43 | 204 |            0s |             ::1 | OPTIONS  "/api/getPictures?page=1&limit=10&_t=1655036743331"
[GIN] 2022/06/12 - 20:25:43 | 200 |    590.4839ms |             ::1 | GET      "/api/getPictures?page=1&limit=10&_t=1655036743331"
[GIN] 2022/06/12 - 20:25:46 | 204 |            0s |             ::1 | OPTIONS  "/api/getPictures?page=1&limit=10&_t=1655036746666"
[GIN] 2022/06/12 - 20:25:47 | 200 |    642.9786ms |             ::1 | GET      "/api/getPictures?page=1&limit=10&_t=1655036746666"
[GIN] 2022/06/12 - 20:26:20 | 200 |      82.961ms |             ::1 | POST     "/api/login"
[GIN] 2022/06/12 - 20:26:22 | 204 |            0s |             ::1 | OPTIONS  "/api/getPictures?page=1&limit=10&_t=1655036781959"
[GIN] 2022/06/12 - 20:26:22 | 200 |      389.57ms |             ::1 | GET      "/api/getPictures?page=1&limit=10&_t=1655036781959"
[GIN] 2022/06/12 - 20:28:52 | 204 |            0s |             ::1 | OPTIONS  "/api/getPictures?page=1&limit=10&_t=1655036932858"
[GIN] 2022/06/12 - 20:28:53 | 200 |    343.5516ms |             ::1 | GET      "/api/getPictures?page=1&limit=10&_t=1655036932858"
[GIN] 2022/06/12 - 20:28:58 | 204 |            0s |             ::1 | OPTIONS  "/api/getPictures?page=1&limit=10&_t=1655036938020"
[GIN] 2022/06/12 - 20:28:58 | 200 |    394.6792ms |             ::1 | GET      "/api/getPictures?page=1&limit=10&_t=1655036938020"
[GIN] 2022/06/12 - 20:29:26 | 204 |            0s |             ::1 | OPTIONS  "/api/getPictures?page=1&limit=10&_t=1655036966838"
[GIN] 2022/06/12 - 20:29:27 | 200 |    408.0213ms |             ::1 | GET      "/api/getPictures?page=1&limit=10&_t=1655036966838"
[GIN] 2022/06/12 - 20:29:30 | 204 |            0s |             ::1 | OPTIONS  "/api/getPictures?page=1&limit=10&_t=1655036970171"
[GIN] 2022/06/12 - 20:29:30 | 200 |    334.7251ms |             ::1 | GET      "/api/getPictures?page=1&limit=10&_t=1655036970171"
[GIN] 2022/06/12 - 20:29:46 | 204 |            0s |             ::1 | OPTIONS  "/api/getPictures?page=1&limit=10&_t=1655036986035"
[GIN] 2022/06/12 - 20:29:46 | 200 |     338.193ms |             ::1 | GET      "/api/getPictures?page=1&limit=10&_t=1655036986035"
[GIN] 2022/06/12 - 20:29:48 | 204 |            0s |             ::1 | OPTIONS  "/api/getPictures?page=1&limit=10&_t=1655036988603"
[GIN] 2022/06/12 - 20:29:49 | 200 |     348.819ms |             ::1 | GET      "/api/getPictures?page=1&limit=10&_t=1655036988603"
